<?xml version="1.0" encoding="UTF-8"?>
<testng-results ignored="0" total="1" passed="1" failed="0" skipped="0">
  <reporter-output>
  </reporter-output>
  <suite started-at="2024-08-09T07:53:11 IST" name="Default suite" finished-at="2024-08-09T07:53:16 IST" duration-ms="4648">
    <groups>
    </groups>
    <test started-at="2024-08-09T07:53:11 IST" name="Default test" finished-at="2024-08-09T07:53:16 IST" duration-ms="4648">
      <class name="testscript.InputFormpagetest">
        <test-method is-config="true" signature="beforeMethod()[pri:0, instance:testscript.InputFormpagetest@1613674b]" started-at="2024-08-09T07:53:11 IST" name="beforeMethod" finished-at="2024-08-09T07:53:16 IST" duration-ms="4249" status="PASS">
          <reporter-output>
          </reporter-output>
        </test-method> <!-- beforeMethod -->
        <test-method signature="sumOfTwoValues()[pri:0, instance:testscript.InputFormpagetest@1613674b]" started-at="2024-08-09T07:53:16 IST" name="sumOfTwoValues" finished-at="2024-08-09T07:53:16 IST" duration-ms="344" status="PASS">
          <reporter-output>
          </reporter-output>
        </test-method> <!-- sumOfTwoValues -->
        <test-method is-config="true" signature="afterMethod()[pri:0, instance:testscript.InputFormpagetest@1613674b]" started-at="2024-08-09T07:53:16 IST" name="afterMethod" finished-at="2024-08-09T07:53:16 IST" duration-ms="1" status="PASS">
          <reporter-output>
          </reporter-output>
        </test-method> <!-- afterMethod -->
      </class> <!-- testscript.InputFormpagetest -->
    </test> <!-- Default test -->
  </suite> <!-- Default suite -->
</testng-results>
